<?xml version="1.0" encoding="UTF-8"?>
<testsuite xmlns:xsi="http://www.w3.org/2001/XMLSchema-instance" xsi:noNamespaceSchemaLocation="https://maven.apache.org/surefire/maven-surefire-plugin/xsd/surefire-test-report.xsd" name="com.form3.cucumber.CucumberTest" time="4.946" tests="383" errors="0" skipped="0" failures="0">
  <properties>
[...]
</properties>
  <testcase name="When a &quot;POST&quot; request is prepared to be sent to &quot;/api/v1/resource&quot;" classname="Scenario: A POST request is sent to create a Resource." time="0"/>
  <testcase name="And the &quot;Content-Type&quot; attribute of the request header is &quot;application/json&quot;" classname="Scenario: A POST request is sent to create a Resource." time="0.001"/>
  <testcase name="And the content is :" classname="Scenario: A POST request is sent to create a Resource." time="0"/>
  <testcase name="And the request is sent" classname="Scenario: A POST request is sent to create a Resource." time="0"/>
  <testcase name="Then the HTTP status code is 201" classname="Scenario: A POST request is sent to create a Resource." time="0"/>
  <testcase name="And the &quot;Content-Type&quot; attribute of the response header is &quot;application/json;charset=UTF-8&quot;" classname="Scenario: A POST request is sent to create a Resource." time="0"/>
  <testcase name="And the message is persisted and returned in full with an ID" classname="Scenario: A POST request is sent to create a Resource." time="0"/>
  <testcase name="Scenario: A POST request is sent to create a Resource." classname="Scenario: A POST request is sent to create a Resource." time="0"/>
  <testcase name="When a &quot;POST&quot; request is prepared to be sent to &quot;/api/v1/resource&quot;" classname="Scenario: A POST request is sent to create a Resource and there is not enough money to pay for the transaction." time="0"/>
  <testcase name="And the &quot;Content-Type&quot; attribute of the request header is &quot;application/json&quot;" classname="Scenario: A POST request is sent to create a Resource and there is not enough money to pay for the transaction." time="0"/>
  <testcase name="And the content is :" classname="Scenario: A POST request is sent to create a Resource and there is not enough money to pay for the transaction." time="0"/>
  <testcase name="And the message is sent and rejected with an error message &quot;Amount left after sender charges has been chanrged cannot be less than zero&quot;" classname="Scenario: A POST request is sent to create a Resource and there is not enough money to pay for the transaction." time="0"/>
  <testcase name="Scenario: A POST request is sent to create a Resource and there is not enough money to pay for the transaction." classname="Scenario: A POST request is sent to create a Resource and there is not enough money to pay for the transaction." time="0.001"/>
  <testcase name="When a &quot;POST&quot; request is prepared to be sent to &quot;/api/v1/resource&quot;" classname="Scenario: A POST request is sent with incorrect value &apos;$.type&apos;" time="0"/>
  <testcase name="And the &quot;Content-Type&quot; attribute of the request header is &quot;application/json&quot;" classname="Scenario: A POST request is sent with incorrect value &apos;$.type&apos;" time="0"/>
  <testcase name="And the content is :" classname="Scenario: A POST request is sent with incorrect value &apos;$.type&apos;" time="0.001"/>
  <testcase name="And the attribute &quot;$.type&quot; is incorrectly set to &quot;ayment&quot;" classname="Scenario: A POST request is sent with incorrect value &apos;$.type&apos;" time="0"/>
  <testcase name="And the request is sent and fails and error message contains &quot;type must be equal &apos;Payment&apos; and not &apos;ayment&apos;&quot;" classname="Scenario: A POST request is sent with incorrect value &apos;$.type&apos;" time="0"/>
  <testcase name="And the attribute &quot;$.type&quot; is not present" classname="Scenario: A POST request is sent with incorrect value &apos;$.type&apos;" time="0"/>
  <testcase name="And the request is sent and fails and the error code is &quot;400&quot;" classname="Scenario: A POST request is sent with incorrect value &apos;$.type&apos;" time="0"/>
  <testcase name="And the request is sent and fails and the error code is &quot;400&quot;" classname="Scenario: A POST request is sent with incorrect value &apos;$.type&apos;" time="0"/>
  <testcase name="And the attribute &quot;$.type&quot; is incorrectly set to &quot;&quot;" classname="Scenario: A POST request is sent with incorrect value &apos;$.type&apos;" time="0"/>
  <testcase name="Scenario: A POST request is sent with incorrect value &apos;$.type&apos;" classname="Scenario: A POST request is sent with incorrect value &apos;$.type&apos;" time="0"/>
  <testcase name="When a &quot;POST&quot; request is prepared to be sent to &quot;/api/v1/resource&quot;" classname="Scenario: A POST request is sent with incorrect value &apos;$.version&apos;" time="0"/>
  <testcase name="And the &quot;Content-Type&quot; attribute of the request header is &quot;application/json&quot;" classname="Scenario: A POST request is sent with incorrect value &apos;$.version&apos;" time="0"/>
  <testcase name="And the content is :" classname="Scenario: A POST request is sent with incorrect value &apos;$.version&apos;" time="0"/>
  <testcase name="And the attribute &quot;$.version&quot; is not present" classname="Scenario: A POST request is sent with incorrect value &apos;$.version&apos;" time="0"/>
  <testcase name="And the request is sent and fails and the error code is &quot;400&quot;" classname="Scenario: A POST request is sent with incorrect value &apos;$.version&apos;" time="0"/>
  <testcase name="And the request is sent and fails and the error code is &quot;400&quot;" classname="Scenario: A POST request is sent with incorrect value &apos;$.version&apos;" time="0"/>
  <testcase name="And the attribute &quot;$.version&quot; is incorrectly set to &quot;&quot;" classname="Scenario: A POST request is sent with incorrect value &apos;$.version&apos;" time="0"/>
  <testcase name="Scenario: A POST request is sent with incorrect value &apos;$.version&apos;" classname="Scenario: A POST request is sent with incorrect value &apos;$.version&apos;" time="0"/>
  <testcase name="When a &quot;POST&quot; request is prepared to be sent to &quot;/api/v1/resource&quot;" classname="Scenario: A POST request is sent with incorrect value &apos;$.organization&apos;" time="0"/>
  <testcase name="And the &quot;Content-Type&quot; attribute of the request header is &quot;application/json&quot;" classname="Scenario: A POST request is sent with incorrect value &apos;$.organization&apos;" time="0"/>
  <testcase name="And the content is :" classname="Scenario: A POST request is sent with incorrect value &apos;$.organization&apos;" time="0"/>
  <testcase name="And the attribute &quot;$.organisation_id&quot; is incorrectly set to &quot;&quot;" classname="Scenario: A POST request is sent with incorrect value &apos;$.organization&apos;" time="0"/>
  <testcase name="And the request is sent and fails and the error code is &quot;400&quot;" classname="Scenario: A POST request is sent with incorrect value &apos;$.organization&apos;" time="0"/>
  <testcase name="And the request is sent and fails and the error code is &quot;400&quot;" classname="Scenario: A POST request is sent with incorrect value &apos;$.organization&apos;" time="0"/>
  <testcase name="And the attribute &quot;$.organisation_id&quot; is not present" classname="Scenario: A POST request is sent with incorrect value &apos;$.organization&apos;" time="0"/>
  <testcase name="Scenario: A POST request is sent with incorrect value &apos;$.organization&apos;" classname="Scenario: A POST request is sent with incorrect value &apos;$.organization&apos;" time="0"/>
  <testcase name="When a &quot;POST&quot; request is prepared to be sent to &quot;/api/v1/resource&quot;" classname="Scenario: A POST request is sent with incorrect value &apos;$.attributes/amount&apos;" time="0"/>
  <testcase name="And the &quot;Content-Type&quot; attribute of the request header is &quot;application/json&quot;" classname="Scenario: A POST request is sent with incorrect value &apos;$.attributes/amount&apos;" time="0"/>
  <testcase name="And the content is :" classname="Scenario: A POST request is sent with incorrect value &apos;$.attributes/amount&apos;" time="0"/>
  <testcase name="And the attribute &quot;$.attributes.amount&quot; is incorrectly set to &quot;1A&quot;" classname="Scenario: A POST request is sent with incorrect value &apos;$.attributes/amount&apos;" time="0"/>
  <testcase name="And the request is sent and fails and the error code is &quot;400&quot;" classname="Scenario: A POST request is sent with incorrect value &apos;$.attributes/amount&apos;" time="0"/>
  <testcase name="And the request is sent and fails and the error code is &quot;400&quot;" classname="Scenario: A POST request is sent with incorrect value &apos;$.attributes/amount&apos;" time="0"/>
  <testcase name="And the request is sent and fails and the error code is &quot;400&quot;" classname="Scenario: A POST request is sent with incorrect value &apos;$.attributes/amount&apos;" time="0"/>
  <testcase name="And the request is sent and fails and the error code is &quot;400&quot;" classname="Scenario: A POST request is sent with incorrect value &apos;$.attributes/amount&apos;" time="0"/>
  <testcase name="And the attribute &quot;$.attributes.amount&quot; is incorrectly set to &quot;-1&quot;" classname="Scenario: A POST request is sent with incorrect value &apos;$.attributes/amount&apos;" time="0"/>
  <testcase name="And the attribute &quot;$.attributes.amount&quot; is not present" classname="Scenario: A POST request is sent with incorrect value &apos;$.attributes/amount&apos;" time="0"/>
  <testcase name="And the attribute &quot;$.attributes.amount&quot; is incorrectly set to &quot;&quot;" classname="Scenario: A POST request is sent with incorrect value &apos;$.attributes/amount&apos;" time="0"/>
  <testcase name="Scenario: A POST request is sent with incorrect value &apos;$.attributes/amount&apos;" classname="Scenario: A POST request is sent with incorrect value &apos;$.attributes/amount&apos;" time="0"/>
  <testcase name="When a &quot;POST&quot; request is prepared to be sent to &quot;/api/v1/resource&quot;" classname="Scenario: A POST request is sent with incorrect value $.attributes.currency, $.attriutes.charges_information.receiver_charges_currency $.attriutes.charges_information.sender_charges.currency" time="0"/>
  <testcase name="And the &quot;Content-Type&quot; attribute of the request header is &quot;application/json&quot;" classname="Scenario: A POST request is sent with incorrect value $.attributes.currency, $.attriutes.charges_information.receiver_charges_currency $.attriutes.charges_information.sender_charges.currency" time="0"/>
  <testcase name="And the content is :" classname="Scenario: A POST request is sent with incorrect value $.attributes.currency, $.attriutes.charges_information.receiver_charges_currency $.attriutes.charges_information.sender_charges.currency" time="0"/>
  <testcase name="And the attribute &quot;$.attributes.currency&quot; is incorrectly set to &quot;US&quot;" classname="Scenario: A POST request is sent with incorrect value $.attributes.currency, $.attriutes.charges_information.receiver_charges_currency $.attriutes.charges_information.sender_charges.currency" time="0"/>
  <testcase name="And the request is sent and fails and the error code is &quot;400&quot;" classname="Scenario: A POST request is sent with incorrect value $.attributes.currency, $.attriutes.charges_information.receiver_charges_currency $.attriutes.charges_information.sender_charges.currency" time="0"/>
  <testcase name="And the request is sent and fails and the error code is &quot;400&quot;" classname="Scenario: A POST request is sent with incorrect value $.attributes.currency, $.attriutes.charges_information.receiver_charges_currency $.attriutes.charges_information.sender_charges.currency" time="0"/>
  <testcase name="And the request is sent and fails and the error code is &quot;400&quot;" classname="Scenario: A POST request is sent with incorrect value $.attributes.currency, $.attriutes.charges_information.receiver_charges_currency $.attriutes.charges_information.sender_charges.currency" time="0"/>
  <testcase name="And the request is sent and fails and the error code is &quot;400&quot;" classname="Scenario: A POST request is sent with incorrect value $.attributes.currency, $.attriutes.charges_information.receiver_charges_currency $.attriutes.charges_information.sender_charges.currency" time="0"/>
  <testcase name="And the request is sent and fails and the error code is &quot;400&quot;" classname="Scenario: A POST request is sent with incorrect value $.attributes.currency, $.attriutes.charges_information.receiver_charges_currency $.attriutes.charges_information.sender_charges.currency" time="0"/>
  <testcase name="And the request is sent and fails and the error code is &quot;400&quot;" classname="Scenario: A POST request is sent with incorrect value $.attributes.currency, $.attriutes.charges_information.receiver_charges_currency $.attriutes.charges_information.sender_charges.currency" time="0"/>
  <testcase name="And the request is sent and fails and the error code is &quot;400&quot;" classname="Scenario: A POST request is sent with incorrect value $.attributes.currency, $.attriutes.charges_information.receiver_charges_currency $.attriutes.charges_information.sender_charges.currency" time="0"/>
  <testcase name="And the request is sent and fails and the error code is &quot;400&quot;" classname="Scenario: A POST request is sent with incorrect value $.attributes.currency, $.attriutes.charges_information.receiver_charges_currency $.attriutes.charges_information.sender_charges.currency" time="0"/>
  <testcase name="And the request is sent and fails and the error code is &quot;400&quot;" classname="Scenario: A POST request is sent with incorrect value $.attributes.currency, $.attriutes.charges_information.receiver_charges_currency $.attriutes.charges_information.sender_charges.currency" time="0"/>
  <testcase name="And the request is sent and fails and the error code is &quot;400&quot;" classname="Scenario: A POST request is sent with incorrect value $.attributes.currency, $.attriutes.charges_information.receiver_charges_currency $.attriutes.charges_information.sender_charges.currency" time="0"/>
  <testcase name="And the request is sent and fails and the error code is &quot;400&quot;" classname="Scenario: A POST request is sent with incorrect value $.attributes.currency, $.attriutes.charges_information.receiver_charges_currency $.attriutes.charges_information.sender_charges.currency" time="0"/>
  <testcase name="And the request is sent and fails and the error code is &quot;400&quot;" classname="Scenario: A POST request is sent with incorrect value $.attributes.currency, $.attriutes.charges_information.receiver_charges_currency $.attriutes.charges_information.sender_charges.currency" time="0"/>
  <testcase name="And the attribute &quot;$.attributes.currency&quot; is not present" classname="Scenario: A POST request is sent with incorrect value $.attributes.currency, $.attriutes.charges_information.receiver_charges_currency $.attriutes.charges_information.sender_charges.currency" time="0"/>
  <testcase name="And the attribute &quot;$.attributes.currency&quot; is incorrectly set to &quot;&quot;" classname="Scenario: A POST request is sent with incorrect value $.attributes.currency, $.attriutes.charges_information.receiver_charges_currency $.attriutes.charges_information.sender_charges.currency" time="0"/>
  <testcase name="And the attribute &quot;$.attributes.currency&quot; is incorrectly set to &quot;EUR&quot;" classname="Scenario: A POST request is sent with incorrect value $.attributes.currency, $.attriutes.charges_information.receiver_charges_currency $.attriutes.charges_information.sender_charges.currency" time="0"/>
  <testcase name="And the request is sent and fails and error message contains &quot;$.attriutes.currency &apos;EUR is not one of the known currencies GBP,USD&quot;" classname="Scenario: A POST request is sent with incorrect value $.attributes.currency, $.attriutes.charges_information.receiver_charges_currency $.attriutes.charges_information.sender_charges.currency" time="0"/>
  <testcase name="And the attribute &quot;$.attributes.charges_information.receiver_charges_currency&quot; is incorrectly set to &quot;US&quot;" classname="Scenario: A POST request is sent with incorrect value $.attributes.currency, $.attriutes.charges_information.receiver_charges_currency $.attriutes.charges_information.sender_charges.currency" time="0"/>
  <testcase name="And the attribute &quot;$.attributes.charges_information.receiver_charges_currency&quot; is not present" classname="Scenario: A POST request is sent with incorrect value $.attributes.currency, $.attriutes.charges_information.receiver_charges_currency $.attriutes.charges_information.sender_charges.currency" time="0"/>
  <testcase name="And the attribute &quot;$.attributes.charges_information.receiver_charges_currency&quot; is incorrectly set to &quot;&quot;" classname="Scenario: A POST request is sent with incorrect value $.attributes.currency, $.attriutes.charges_information.receiver_charges_currency $.attriutes.charges_information.sender_charges.currency" time="0"/>
  <testcase name="And the attribute &quot;$.attributes.charges_information.receiver_charges_currency&quot; is incorrectly set to &quot;EUR&quot;" classname="Scenario: A POST request is sent with incorrect value $.attributes.currency, $.attriutes.charges_information.receiver_charges_currency $.attriutes.charges_information.sender_charges.currency" time="0"/>
  <testcase name="And the request is sent and fails and error message contains &quot;$.attriutes.charges_information.receiver_charges_currencyEUR is not one of the known currencies GBP,USD&quot;" classname="Scenario: A POST request is sent with incorrect value $.attributes.currency, $.attriutes.charges_information.receiver_charges_currency $.attriutes.charges_information.sender_charges.currency" time="0"/>
  <testcase name="And the attribute &quot;$.attributes.charges_information.sender_charges.[0].currency&quot; is incorrectly set to &quot;US&quot;" classname="Scenario: A POST request is sent with incorrect value $.attributes.currency, $.attriutes.charges_information.receiver_charges_currency $.attriutes.charges_information.sender_charges.currency" time="0.001"/>
  <testcase name="And the attribute &quot;$.attributes.charges_information.sender_charges.[0].currency&quot; is not present" classname="Scenario: A POST request is sent with incorrect value $.attributes.currency, $.attriutes.charges_information.receiver_charges_currency $.attriutes.charges_information.sender_charges.currency" time="0"/>
  <testcase name="And the attribute &quot;$.attributes.charges_information.sender_charges.[0].currency&quot; is incorrectly set to &quot;&quot;" classname="Scenario: A POST request is sent with incorrect value $.attributes.currency, $.attriutes.charges_information.receiver_charges_currency $.attriutes.charges_information.sender_charges.currency" time="0"/>
  <testcase name="And the attribute &quot;$.attributes.charges_information.sender_charges.[0].currency&quot; is incorrectly set to &quot;EUR&quot;" classname="Scenario: A POST request is sent with incorrect value $.attributes.currency, $.attriutes.charges_information.receiver_charges_currency $.attriutes.charges_information.sender_charges.currency" time="0"/>
  <testcase name="And the request is sent and fails and error message contains &quot;$.attributes.charges_information.sender_charges.[0].currencyEUR is not one of the known currencies GBP,USD&quot;" classname="Scenario: A POST request is sent with incorrect value $.attributes.currency, $.attriutes.charges_information.receiver_charges_currency $.attriutes.charges_information.sender_charges.currency" time="0"/>
  <testcase name="And the attribute &quot;$.attributes.charges_information.sender_charges.[1].currency&quot; is incorrectly set to &quot;US&quot;" classname="Scenario: A POST request is sent with incorrect value $.attributes.currency, $.attriutes.charges_information.receiver_charges_currency $.attriutes.charges_information.sender_charges.currency" time="0"/>
  <testcase name="And the attribute &quot;$.attributes.charges_information.sender_charges.[1].currency&quot; is not present" classname="Scenario: A POST request is sent with incorrect value $.attributes.currency, $.attriutes.charges_information.receiver_charges_currency $.attriutes.charges_information.sender_charges.currency" time="0"/>
  <testcase name="And the attribute &quot;$.attributes.charges_information.sender_charges.[1].currency&quot; is incorrectly set to &quot;&quot;" classname="Scenario: A POST request is sent with incorrect value $.attributes.currency, $.attriutes.charges_information.receiver_charges_currency $.attriutes.charges_information.sender_charges.currency" time="0"/>
  <testcase name="And the attribute &quot;$.attributes.charges_information.sender_charges.[1].currency&quot; is incorrectly set to &quot;EUR&quot;" classname="Scenario: A POST request is sent with incorrect value $.attributes.currency, $.attriutes.charges_information.receiver_charges_currency $.attriutes.charges_information.sender_charges.currency" time="0"/>
  <testcase name="And the request is sent and fails and error message contains &quot; $.attributes.charges_information.sender_charges.[1].currency&apos;EUR is not one of the known currencies GBP,USD&quot;" classname="Scenario: A POST request is sent with incorrect value $.attributes.currency, $.attriutes.charges_information.receiver_charges_currency $.attriutes.charges_information.sender_charges.currency" time="0"/>
  <testcase name="Scenario: A POST request is sent with incorrect value $.attributes.currency, $.attriutes.charges_information.receiver_charges_currency $.attriutes.charges_information.sender_charges.currency" classname="Scenario: A POST request is sent with incorrect value $.attributes.currency, $.attriutes.charges_information.receiver_charges_currency $.attriutes.charges_information.sender_charges.currency" time="0"/>
  <testcase name="When a &quot;POST&quot; request is prepared to be sent to &quot;/api/v1/resource&quot;" classname="Scenario: A POST request is sent with incorrect value $.attributes.end_to_end_reference" time="0"/>
  <testcase name="And the &quot;Content-Type&quot; attribute of the request header is &quot;application/json&quot;" classname="Scenario: A POST request is sent with incorrect value $.attributes.end_to_end_reference" time="0"/>
  <testcase name="And the content is :" classname="Scenario: A POST request is sent with incorrect value $.attributes.end_to_end_reference" time="0"/>
  <testcase name="And the attribute &quot;$.attributes.end_to_end_reference&quot; is not present" classname="Scenario: A POST request is sent with incorrect value $.attributes.end_to_end_reference" time="0"/>
  <testcase name="And the request is sent and fails and the error code is &quot;400&quot;" classname="Scenario: A POST request is sent with incorrect value $.attributes.end_to_end_reference" time="0"/>
  <testcase name="And the request is sent and fails and the error code is &quot;400&quot;" classname="Scenario: A POST request is sent with incorrect value $.attributes.end_to_end_reference" time="0"/>
  <testcase name="And the attribute &quot;$.attributes.end_to_end_reference&quot; is incorrectly set to &quot;&quot;" classname="Scenario: A POST request is sent with incorrect value $.attributes.end_to_end_reference" time="0"/>
  <testcase name="Scenario: A POST request is sent with incorrect value $.attributes.end_to_end_reference" classname="Scenario: A POST request is sent with incorrect value $.attributes.end_to_end_reference" time="0.001"/>
  <testcase name="When a &quot;POST&quot; request is prepared to be sent to &quot;/api/v1/resource&quot;" classname="Scenario: A POST request is sent with incorrect value $.attributes.numeric_reference" time="0"/>
  <testcase name="And the &quot;Content-Type&quot; attribute of the request header is &quot;application/json&quot;" classname="Scenario: A POST request is sent with incorrect value $.attributes.numeric_reference" time="0"/>
  <testcase name="And the content is :" classname="Scenario: A POST request is sent with incorrect value $.attributes.numeric_reference" time="0"/>
  <testcase name="And the attribute &quot;$.attributes.numeric_reference&quot; is not present" classname="Scenario: A POST request is sent with incorrect value $.attributes.numeric_reference" time="0"/>
  <testcase name="And the request is sent and fails and the error code is &quot;400&quot;" classname="Scenario: A POST request is sent with incorrect value $.attributes.numeric_reference" time="0"/>
  <testcase name="And the request is sent and fails and the error code is &quot;400&quot;" classname="Scenario: A POST request is sent with incorrect value $.attributes.numeric_reference" time="0"/>
  <testcase name="And the attribute &quot;$.attributes.numeric_reference&quot; is incorrectly set to &quot;&quot;" classname="Scenario: A POST request is sent with incorrect value $.attributes.numeric_reference" time="0"/>
  <testcase name="And the attribute &quot;$.attributes.numeric_reference&quot; is incorrectly set to &quot;123ABC&quot;" classname="Scenario: A POST request is sent with incorrect value $.attributes.numeric_reference" time="0"/>
  <testcase name="And the request is sent and fails and error message contains &quot;$.attributes.numeric_reference must be a number and not &apos;123ABC&apos;&quot;" classname="Scenario: A POST request is sent with incorrect value $.attributes.numeric_reference" time="0"/>
  <testcase name="Scenario: A POST request is sent with incorrect value $.attributes.numeric_reference" classname="Scenario: A POST request is sent with incorrect value $.attributes.numeric_reference" time="0.001"/>
  <testcase name="When a &quot;POST&quot; request is prepared to be sent to &quot;/api/v1/resource&quot;" classname="Scenario: A POST request is sent with incorrect value $.payment_id" time="0"/>
  <testcase name="And the &quot;Content-Type&quot; attribute of the request header is &quot;application/json&quot;" classname="Scenario: A POST request is sent with incorrect value $.payment_id" time="0"/>
  <testcase name="And the content is :" classname="Scenario: A POST request is sent with incorrect value $.payment_id" time="0.001"/>
  <testcase name="And the attribute &quot;$.attributes.payment_id&quot; is not present" classname="Scenario: A POST request is sent with incorrect value $.payment_id" time="0"/>
  <testcase name="And the request is sent and fails and the error code is &quot;400&quot;" classname="Scenario: A POST request is sent with incorrect value $.payment_id" time="0"/>
  <testcase name="And the request is sent and fails and the error code is &quot;400&quot;" classname="Scenario: A POST request is sent with incorrect value $.payment_id" time="0"/>
  <testcase name="And the attribute &quot;$.attributes.payment_id&quot; is incorrectly set to &quot;&quot;" classname="Scenario: A POST request is sent with incorrect value $.payment_id" time="0"/>
  <testcase name="Scenario: A POST request is sent with incorrect value $.payment_id" classname="Scenario: A POST request is sent with incorrect value $.payment_id" time="0"/>
  <testcase name="When a &quot;POST&quot; request is prepared to be sent to &quot;/api/v1/resource&quot;" classname="Scenario: A POST request is sent with incorrect value $.payment_purpose" time="0"/>
  <testcase name="And the &quot;Content-Type&quot; attribute of the request header is &quot;application/json&quot;" classname="Scenario: A POST request is sent with incorrect value $.payment_purpose" time="0"/>
  <testcase name="And the content is :" classname="Scenario: A POST request is sent with incorrect value $.payment_purpose" time="0"/>
  <testcase name="And the attribute &quot;$.attributes.payment_purpose&quot; is not present" classname="Scenario: A POST request is sent with incorrect value $.payment_purpose" time="0"/>
  <testcase name="And the request is sent and fails and the error code is &quot;400&quot;" classname="Scenario: A POST request is sent with incorrect value $.payment_purpose" time="0"/>
  <testcase name="And the request is sent and fails and the error code is &quot;400&quot;" classname="Scenario: A POST request is sent with incorrect value $.payment_purpose" time="0"/>
  <testcase name="And the attribute &quot;$.attributes.payment_purpose&quot; is incorrectly set to &quot;&quot;" classname="Scenario: A POST request is sent with incorrect value $.payment_purpose" time="0"/>
  <testcase name="Scenario: A POST request is sent with incorrect value $.payment_purpose" classname="Scenario: A POST request is sent with incorrect value $.payment_purpose" time="0"/>
  <testcase name="When a &quot;POST&quot; request is prepared to be sent to &quot;/api/v1/resource&quot;" classname="Scenario: A POST request is sent with incorrect value $attributes.payment_scheme" time="0"/>
  <testcase name="And the &quot;Content-Type&quot; attribute of the request header is &quot;application/json&quot;" classname="Scenario: A POST request is sent with incorrect value $attributes.payment_scheme" time="0"/>
  <testcase name="And the content is :" classname="Scenario: A POST request is sent with incorrect value $attributes.payment_scheme" time="0"/>
  <testcase name="And the attribute &quot;$.attributes.payment_scheme&quot; is not present" classname="Scenario: A POST request is sent with incorrect value $attributes.payment_scheme" time="0"/>
  <testcase name="And the request is sent and fails and the error code is &quot;400&quot;" classname="Scenario: A POST request is sent with incorrect value $attributes.payment_scheme" time="0"/>
  <testcase name="And the request is sent and fails and the error code is &quot;400&quot;" classname="Scenario: A POST request is sent with incorrect value $attributes.payment_scheme" time="0"/>
  <testcase name="And the attribute &quot;$.attributes.payment_scheme&quot; is incorrectly set to &quot;&quot;" classname="Scenario: A POST request is sent with incorrect value $attributes.payment_scheme" time="0"/>
  <testcase name="And the attribute &quot;$.attributes.payment_scheme&quot; is incorrectly set to &quot;XYZ&quot;" classname="Scenario: A POST request is sent with incorrect value $attributes.payment_scheme" time="0"/>
  <testcase name="And the request is sent and fails and error message contains &quot;$.attriutes.payment_schemes&apos;XYZ is not one of the known payment schemes FPS&quot;" classname="Scenario: A POST request is sent with incorrect value $attributes.payment_scheme" time="0"/>
  <testcase name="Scenario: A POST request is sent with incorrect value $attributes.payment_scheme" classname="Scenario: A POST request is sent with incorrect value $attributes.payment_scheme" time="0"/>
  <testcase name="When a &quot;POST&quot; request is prepared to be sent to &quot;/api/v1/resource&quot;" classname="Scenario: A POST request is sent with incorrect value $attributes.payment_type" time="0"/>
  <testcase name="And the &quot;Content-Type&quot; attribute of the request header is &quot;application/json&quot;" classname="Scenario: A POST request is sent with incorrect value $attributes.payment_type" time="0"/>
  <testcase name="And the content is :" classname="Scenario: A POST request is sent with incorrect value $attributes.payment_type" time="0"/>
  <testcase name="And the attribute &quot;$.attributes.payment_type&quot; is not present" classname="Scenario: A POST request is sent with incorrect value $attributes.payment_type" time="0"/>
  <testcase name="And the request is sent and fails and the error code is &quot;400&quot;" classname="Scenario: A POST request is sent with incorrect value $attributes.payment_type" time="0"/>
  <testcase name="And the request is sent and fails and the error code is &quot;400&quot;" classname="Scenario: A POST request is sent with incorrect value $attributes.payment_type" time="0"/>
  <testcase name="And the attribute &quot;$.attributes.payment_type&quot; is incorrectly set to &quot;&quot;" classname="Scenario: A POST request is sent with incorrect value $attributes.payment_type" time="0"/>
  <testcase name="And the attribute &quot;$.attributes.payment_type&quot; is incorrectly set to &quot;XYZ&quot;" classname="Scenario: A POST request is sent with incorrect value $attributes.payment_type" time="0"/>
  <testcase name="And the request is sent and fails and error message contains &quot;$.attriutes.payment_type&apos;XYZ is not one of the known payment schemes Credit&quot;" classname="Scenario: A POST request is sent with incorrect value $attributes.payment_type" time="0"/>
  <testcase name="Scenario: A POST request is sent with incorrect value $attributes.payment_type" classname="Scenario: A POST request is sent with incorrect value $attributes.payment_type" time="0"/>
  <testcase name="When a &quot;POST&quot; request is prepared to be sent to &quot;/api/v1/resource&quot;" classname="Scenario: A POST request is sent with incorrect value $attributes.processing_date" time="0"/>
  <testcase name="And the &quot;Content-Type&quot; attribute of the request header is &quot;application/json&quot;" classname="Scenario: A POST request is sent with incorrect value $attributes.processing_date" time="0"/>
  <testcase name="And the content is :" classname="Scenario: A POST request is sent with incorrect value $attributes.processing_date" time="0"/>
  <testcase name="And the attribute &quot;$.attributes.processing_date&quot; is not present" classname="Scenario: A POST request is sent with incorrect value $attributes.processing_date" time="0"/>
  <testcase name="And the request is sent and fails and the error code is &quot;400&quot;" classname="Scenario: A POST request is sent with incorrect value $attributes.processing_date" time="0"/>
  <testcase name="And the request is sent and fails and the error code is &quot;400&quot;" classname="Scenario: A POST request is sent with incorrect value $attributes.processing_date" time="0"/>
  <testcase name="And the request is sent and fails and the error code is &quot;400&quot;" classname="Scenario: A POST request is sent with incorrect value $attributes.processing_date" time="0"/>
  <testcase name="And the attribute &quot;$.attributes.processing_date&quot; is incorrectly set to &quot;&quot;" classname="Scenario: A POST request is sent with incorrect value $attributes.processing_date" time="0"/>
  <testcase name="And the attribute &quot;$.attributes.processing_date&quot; is incorrectly set to &quot;2118-01-01&quot;" classname="Scenario: A POST request is sent with incorrect value $attributes.processing_date" time="0"/>
  <testcase name="Scenario: A POST request is sent with incorrect value $attributes.processing_date" classname="Scenario: A POST request is sent with incorrect value $attributes.processing_date" time="0"/>
  <testcase name="When a &quot;POST&quot; request is prepared to be sent to &quot;/api/v1/resource&quot;" classname="Scenario: A POST request is sent with incorrect value $attributes.reference" time="0"/>
  <testcase name="And the &quot;Content-Type&quot; attribute of the request header is &quot;application/json&quot;" classname="Scenario: A POST request is sent with incorrect value $attributes.reference" time="0"/>
  <testcase name="And the content is :" classname="Scenario: A POST request is sent with incorrect value $attributes.reference" time="0"/>
  <testcase name="And the attribute &quot;$.attributes.reference&quot; is not present" classname="Scenario: A POST request is sent with incorrect value $attributes.reference" time="0"/>
  <testcase name="And the request is sent and fails and the error code is &quot;400&quot;" classname="Scenario: A POST request is sent with incorrect value $attributes.reference" time="0"/>
  <testcase name="And the request is sent and fails and the error code is &quot;400&quot;" classname="Scenario: A POST request is sent with incorrect value $attributes.reference" time="0"/>
  <testcase name="And the attribute &quot;$.attributes.reference&quot; is incorrectly set to &quot;&quot;" classname="Scenario: A POST request is sent with incorrect value $attributes.reference" time="0"/>
  <testcase name="Scenario: A POST request is sent with incorrect value $attributes.reference" classname="Scenario: A POST request is sent with incorrect value $attributes.reference" time="0"/>
  <testcase name="When a &quot;POST&quot; request is prepared to be sent to &quot;/api/v1/resource&quot;" classname="Scenario: A POST request is sent with incorrect value $attributes.scheme_payment_sub_type" time="0"/>
  <testcase name="And the &quot;Content-Type&quot; attribute of the request header is &quot;application/json&quot;" classname="Scenario: A POST request is sent with incorrect value $attributes.scheme_payment_sub_type" time="0"/>
  <testcase name="And the content is :" classname="Scenario: A POST request is sent with incorrect value $attributes.scheme_payment_sub_type" time="0"/>
  <testcase name="And the attribute &quot;$.attributes.scheme_payment_sub_type&quot; is not present" classname="Scenario: A POST request is sent with incorrect value $attributes.scheme_payment_sub_type" time="0.001"/>
  <testcase name="And the request is sent and fails and the error code is &quot;400&quot;" classname="Scenario: A POST request is sent with incorrect value $attributes.scheme_payment_sub_type" time="0"/>
  <testcase name="And the request is sent and fails and the error code is &quot;400&quot;" classname="Scenario: A POST request is sent with incorrect value $attributes.scheme_payment_sub_type" time="0"/>
  <testcase name="And the attribute &quot;$.attributes.scheme_payment_sub_type&quot; is incorrectly set to &quot;&quot;" classname="Scenario: A POST request is sent with incorrect value $attributes.scheme_payment_sub_type" time="0"/>
  <testcase name="And the attribute &quot;$.attributes.scheme_payment_sub_type&quot; is incorrectly set to &quot;XYZ&quot;" classname="Scenario: A POST request is sent with incorrect value $attributes.scheme_payment_sub_type" time="0"/>
  <testcase name="And the request is sent and fails and error message contains &quot;$.attriutes.scheme_payment_sub_type&apos;XYZ is not one of the known scheme payment sub types InternetBanking&quot;" classname="Scenario: A POST request is sent with incorrect value $attributes.scheme_payment_sub_type" time="0"/>
  <testcase name="Scenario: A POST request is sent with incorrect value $attributes.scheme_payment_sub_type" classname="Scenario: A POST request is sent with incorrect value $attributes.scheme_payment_sub_type" time="0"/>
  <testcase name="When a &quot;POST&quot; request is prepared to be sent to &quot;/api/v1/resource&quot;" classname="Scenario: A POST request is sent with incorrect value $attributes.scheme_payment_type" time="0"/>
  <testcase name="And the &quot;Content-Type&quot; attribute of the request header is &quot;application/json&quot;" classname="Scenario: A POST request is sent with incorrect value $attributes.scheme_payment_type" time="0"/>
  <testcase name="And the content is :" classname="Scenario: A POST request is sent with incorrect value $attributes.scheme_payment_type" time="0"/>
  <testcase name="And the attribute &quot;$.attributes.scheme_payment_type&quot; is not present" classname="Scenario: A POST request is sent with incorrect value $attributes.scheme_payment_type" time="0"/>
  <testcase name="And the request is sent and fails and the error code is &quot;400&quot;" classname="Scenario: A POST request is sent with incorrect value $attributes.scheme_payment_type" time="0"/>
  <testcase name="And the request is sent and fails and the error code is &quot;400&quot;" classname="Scenario: A POST request is sent with incorrect value $attributes.scheme_payment_type" time="0"/>
  <testcase name="And the attribute &quot;$.attributes.scheme_payment_type&quot; is incorrectly set to &quot;&quot;" classname="Scenario: A POST request is sent with incorrect value $attributes.scheme_payment_type" time="0"/>
  <testcase name="And the attribute &quot;$.attributes.scheme_payment_type&quot; is incorrectly set to &quot;XYZ&quot;" classname="Scenario: A POST request is sent with incorrect value $attributes.scheme_payment_type" time="0"/>
  <testcase name="And the request is sent and fails and error message contains &quot;$.attriutes.scheme_payment_type&apos;XYZ is not one of the known scheme payment types ImmediatePayment&quot;" classname="Scenario: A POST request is sent with incorrect value $attributes.scheme_payment_type" time="0"/>
  <testcase name="Scenario: A POST request is sent with incorrect value $attributes.scheme_payment_type" classname="Scenario: A POST request is sent with incorrect value $attributes.scheme_payment_type" time="0"/>
  <testcase name="When a &quot;POST&quot; request is prepared to be sent to &quot;/api/v1/resource&quot;" classname="Scenario: A POST request is sent with incorrect value $.attributes.beneficiary_party.account_name" time="0"/>
  <testcase name="And the &quot;Content-Type&quot; attribute of the request header is &quot;application/json&quot;" classname="Scenario: A POST request is sent with incorrect value $.attributes.beneficiary_party.account_name" time="0"/>
  <testcase name="And the content is :" classname="Scenario: A POST request is sent with incorrect value $.attributes.beneficiary_party.account_name" time="0"/>
  <testcase name="And the attribute &quot;$.attributes.beneficiary_party.account_name&quot; is not present" classname="Scenario: A POST request is sent with incorrect value $.attributes.beneficiary_party.account_name" time="0"/>
  <testcase name="And the request is sent and fails and the error code is &quot;400&quot;" classname="Scenario: A POST request is sent with incorrect value $.attributes.beneficiary_party.account_name" time="0"/>
  <testcase name="And the request is sent and fails and the error code is &quot;400&quot;" classname="Scenario: A POST request is sent with incorrect value $.attributes.beneficiary_party.account_name" time="0"/>
  <testcase name="And the attribute &quot;$.attributes.beneficiary_party.account_name&quot; is incorrectly set to &quot;&quot;" classname="Scenario: A POST request is sent with incorrect value $.attributes.beneficiary_party.account_name" time="0.001"/>
  <testcase name="Scenario: A POST request is sent with incorrect value $.attributes.beneficiary_party.account_name" classname="Scenario: A POST request is sent with incorrect value $.attributes.beneficiary_party.account_name" time="0"/>
  <testcase name="When a &quot;POST&quot; request is prepared to be sent to &quot;/api/v1/resource&quot;" classname="Scenario: A POST request is sent with incorrect value $.attributes.beneficiary_party.account_number" time="0"/>
  <testcase name="And the &quot;Content-Type&quot; attribute of the request header is &quot;application/json&quot;" classname="Scenario: A POST request is sent with incorrect value $.attributes.beneficiary_party.account_number" time="0"/>
  <testcase name="And the content is :" classname="Scenario: A POST request is sent with incorrect value $.attributes.beneficiary_party.account_number" time="0"/>
  <testcase name="And the attribute &quot;$.attributes.beneficiary_party.account_name&quot; is not present" classname="Scenario: A POST request is sent with incorrect value $.attributes.beneficiary_party.account_number" time="0"/>
  <testcase name="And the request is sent and fails and the error code is &quot;400&quot;" classname="Scenario: A POST request is sent with incorrect value $.attributes.beneficiary_party.account_number" time="0"/>
  <testcase name="And the request is sent and fails and the error code is &quot;400&quot;" classname="Scenario: A POST request is sent with incorrect value $.attributes.beneficiary_party.account_number" time="0"/>
  <testcase name="And the attribute &quot;$.attributes.beneficiary_party.account_name&quot; is incorrectly set to &quot;&quot;" classname="Scenario: A POST request is sent with incorrect value $.attributes.beneficiary_party.account_number" time="0"/>
  <testcase name="Scenario: A POST request is sent with incorrect value $.attributes.beneficiary_party.account_number" classname="Scenario: A POST request is sent with incorrect value $.attributes.beneficiary_party.account_number" time="0"/>
  <testcase name="When a &quot;POST&quot; request is prepared to be sent to &quot;/api/v1/resource&quot;" classname="Scenario: A POST request is sent with incorrect value $.attributes.beneficiary_party.account_number_code" time="0"/>
  <testcase name="And the &quot;Content-Type&quot; attribute of the request header is &quot;application/json&quot;" classname="Scenario: A POST request is sent with incorrect value $.attributes.beneficiary_party.account_number_code" time="0"/>
  <testcase name="And the content is :" classname="Scenario: A POST request is sent with incorrect value $.attributes.beneficiary_party.account_number_code" time="0"/>
  <testcase name="And the attribute &quot;$.attributes.beneficiary_party.account_number_code&quot; is not present" classname="Scenario: A POST request is sent with incorrect value $.attributes.beneficiary_party.account_number_code" time="0"/>
  <testcase name="And the request is sent and fails and the error code is &quot;400&quot;" classname="Scenario: A POST request is sent with incorrect value $.attributes.beneficiary_party.account_number_code" time="0"/>
  <testcase name="And the request is sent and fails and the error code is &quot;400&quot;" classname="Scenario: A POST request is sent with incorrect value $.attributes.beneficiary_party.account_number_code" time="0"/>
  <testcase name="And the attribute &quot;$.attributes.beneficiary_party.account_number_code&quot; is incorrectly set to &quot;&quot;" classname="Scenario: A POST request is sent with incorrect value $.attributes.beneficiary_party.account_number_code" time="0"/>
  <testcase name="And the attribute &quot;$.attributes.beneficiary_party.account_number_code&quot; is incorrectly set to &quot;XYZ&quot;" classname="Scenario: A POST request is sent with incorrect value $.attributes.beneficiary_party.account_number_code" time="0"/>
  <testcase name="And the request is sent and fails and error message contains &quot;$.attriutes.beneficiary_party.account_number_code&apos;XYZ is not one of the known scheme payment types BBAN,IBAN&quot;" classname="Scenario: A POST request is sent with incorrect value $.attributes.beneficiary_party.account_number_code" time="0"/>
  <testcase name="Scenario: A POST request is sent with incorrect value $.attributes.beneficiary_party.account_number_code" classname="Scenario: A POST request is sent with incorrect value $.attributes.beneficiary_party.account_number_code" time="0"/>
  <testcase name="When a &quot;POST&quot; request is prepared to be sent to &quot;/api/v1/resource&quot;" classname="Scenario: A POST request is sent with incorrect value $.attributes.beneficiary_party.account_type" time="0"/>
  <testcase name="And the &quot;Content-Type&quot; attribute of the request header is &quot;application/json&quot;" classname="Scenario: A POST request is sent with incorrect value $.attributes.beneficiary_party.account_type" time="0"/>
  <testcase name="And the content is :" classname="Scenario: A POST request is sent with incorrect value $.attributes.beneficiary_party.account_type" time="0"/>
  <testcase name="And the attribute &quot;$.attributes.beneficiary_party.account_type&quot; is not present" classname="Scenario: A POST request is sent with incorrect value $.attributes.beneficiary_party.account_type" time="0"/>
  <testcase name="And the request is sent and fails and the error code is &quot;400&quot;" classname="Scenario: A POST request is sent with incorrect value $.attributes.beneficiary_party.account_type" time="0"/>
  <testcase name="And the request is sent and fails and the error code is &quot;400&quot;" classname="Scenario: A POST request is sent with incorrect value $.attributes.beneficiary_party.account_type" time="0"/>
  <testcase name="And the attribute &quot;$.attributes.beneficiary_party.account_type&quot; is incorrectly set to &quot;-1&quot;" classname="Scenario: A POST request is sent with incorrect value $.attributes.beneficiary_party.account_type" time="0"/>
  <testcase name="Scenario: A POST request is sent with incorrect value $.attributes.beneficiary_party.account_type" classname="Scenario: A POST request is sent with incorrect value $.attributes.beneficiary_party.account_type" time="0"/>
  <testcase name="When a &quot;POST&quot; request is prepared to be sent to &quot;/api/v1/resource&quot;" classname="Scenario: A POST request is sent with incorrect value $.attributes.beneficiary_party.address" time="0"/>
  <testcase name="And the &quot;Content-Type&quot; attribute of the request header is &quot;application/json&quot;" classname="Scenario: A POST request is sent with incorrect value $.attributes.beneficiary_party.address" time="0"/>
  <testcase name="And the content is :" classname="Scenario: A POST request is sent with incorrect value $.attributes.beneficiary_party.address" time="0"/>
  <testcase name="And the attribute &quot;$.attributes.beneficiary_party.address&quot; is not present" classname="Scenario: A POST request is sent with incorrect value $.attributes.beneficiary_party.address" time="0"/>
  <testcase name="And the request is sent and fails and the error code is &quot;400&quot;" classname="Scenario: A POST request is sent with incorrect value $.attributes.beneficiary_party.address" time="0"/>
  <testcase name="And the request is sent and fails and the error code is &quot;400&quot;" classname="Scenario: A POST request is sent with incorrect value $.attributes.beneficiary_party.address" time="0"/>
  <testcase name="And the attribute &quot;$.attributes.beneficiary_party.address&quot; is incorrectly set to &quot;&quot;" classname="Scenario: A POST request is sent with incorrect value $.attributes.beneficiary_party.address" time="0"/>
  <testcase name="Scenario: A POST request is sent with incorrect value $.attributes.beneficiary_party.address" classname="Scenario: A POST request is sent with incorrect value $.attributes.beneficiary_party.address" time="0"/>
  <testcase name="When a &quot;POST&quot; request is prepared to be sent to &quot;/api/v1/resource&quot;" classname="Scenario: A POST request is sent with incorrect value $.attributes.beneficiary_party.name" time="0"/>
  <testcase name="And the &quot;Content-Type&quot; attribute of the request header is &quot;application/json&quot;" classname="Scenario: A POST request is sent with incorrect value $.attributes.beneficiary_party.name" time="0"/>
  <testcase name="And the content is :" classname="Scenario: A POST request is sent with incorrect value $.attributes.beneficiary_party.name" time="0"/>
  <testcase name="And the attribute &quot;$.attributes.beneficiary_party.name&quot; is not present" classname="Scenario: A POST request is sent with incorrect value $.attributes.beneficiary_party.name" time="0"/>
  <testcase name="And the request is sent and fails and the error code is &quot;400&quot;" classname="Scenario: A POST request is sent with incorrect value $.attributes.beneficiary_party.name" time="0"/>
  <testcase name="And the request is sent and fails and the error code is &quot;400&quot;" classname="Scenario: A POST request is sent with incorrect value $.attributes.beneficiary_party.name" time="0"/>
  <testcase name="And the attribute &quot;$.attributes.beneficiary_party.name&quot; is incorrectly set to &quot;&quot;" classname="Scenario: A POST request is sent with incorrect value $.attributes.beneficiary_party.name" time="0"/>
  <testcase name="Scenario: A POST request is sent with incorrect value $.attributes.beneficiary_party.name" classname="Scenario: A POST request is sent with incorrect value $.attributes.beneficiary_party.name" time="0"/>
  <testcase name="When a &quot;POST&quot; request is prepared to be sent to &quot;/api/v1/resource&quot;" classname="Scenario: A POST request is sent with incorrect value $.attributes.beneficiary_party.bank_id" time="0"/>
  <testcase name="And the &quot;Content-Type&quot; attribute of the request header is &quot;application/json&quot;" classname="Scenario: A POST request is sent with incorrect value $.attributes.beneficiary_party.bank_id" time="0"/>
  <testcase name="And the content is :" classname="Scenario: A POST request is sent with incorrect value $.attributes.beneficiary_party.bank_id" time="0"/>
  <testcase name="And the attribute &quot;$.attributes.beneficiary_party.bank_id&quot; is not present" classname="Scenario: A POST request is sent with incorrect value $.attributes.beneficiary_party.bank_id" time="0"/>
  <testcase name="And the request is sent and fails and the error code is &quot;400&quot;" classname="Scenario: A POST request is sent with incorrect value $.attributes.beneficiary_party.bank_id" time="0"/>
  <testcase name="And the request is sent and fails and the error code is &quot;400&quot;" classname="Scenario: A POST request is sent with incorrect value $.attributes.beneficiary_party.bank_id" time="0.001"/>
  <testcase name="And the attribute &quot;$.attributes.beneficiary_party.bank_id&quot; is incorrectly set to &quot;&quot;" classname="Scenario: A POST request is sent with incorrect value $.attributes.beneficiary_party.bank_id" time="0"/>
  <testcase name="Scenario: A POST request is sent with incorrect value $.attributes.beneficiary_party.bank_id" classname="Scenario: A POST request is sent with incorrect value $.attributes.beneficiary_party.bank_id" time="0.001"/>
  <testcase name="When a &quot;POST&quot; request is prepared to be sent to &quot;/api/v1/resource&quot;" classname="Scenario: A POST request is sent with incorrect value $.attributes.beneficiary_party.bank_id_code" time="0"/>
  <testcase name="And the &quot;Content-Type&quot; attribute of the request header is &quot;application/json&quot;" classname="Scenario: A POST request is sent with incorrect value $.attributes.beneficiary_party.bank_id_code" time="0"/>
  <testcase name="And the content is :" classname="Scenario: A POST request is sent with incorrect value $.attributes.beneficiary_party.bank_id_code" time="0"/>
  <testcase name="And the attribute &quot;$.attributes.beneficiary_party.bank_id_code&quot; is not present" classname="Scenario: A POST request is sent with incorrect value $.attributes.beneficiary_party.bank_id_code" time="0"/>
  <testcase name="And the request is sent and fails and the error code is &quot;400&quot;" classname="Scenario: A POST request is sent with incorrect value $.attributes.beneficiary_party.bank_id_code" time="0"/>
  <testcase name="And the request is sent and fails and the error code is &quot;400&quot;" classname="Scenario: A POST request is sent with incorrect value $.attributes.beneficiary_party.bank_id_code" time="0"/>
  <testcase name="And the attribute &quot;$.attributes.beneficiary_party.bank_id_code&quot; is incorrectly set to &quot;&quot;" classname="Scenario: A POST request is sent with incorrect value $.attributes.beneficiary_party.bank_id_code" time="0"/>
  <testcase name="Scenario: A POST request is sent with incorrect value $.attributes.beneficiary_party.bank_id_code" classname="Scenario: A POST request is sent with incorrect value $.attributes.beneficiary_party.bank_id_code" time="0"/>
  <testcase name="When a &quot;POST&quot; request is prepared to be sent to &quot;/api/v1/resource&quot;" classname="Scenario: A POST request is sent with incorrect value $.attributes.debtor_party.account_name" time="0"/>
  <testcase name="And the &quot;Content-Type&quot; attribute of the request header is &quot;application/json&quot;" classname="Scenario: A POST request is sent with incorrect value $.attributes.debtor_party.account_name" time="0"/>
  <testcase name="And the content is :" classname="Scenario: A POST request is sent with incorrect value $.attributes.debtor_party.account_name" time="0.001"/>
  <testcase name="And the attribute &quot;$.attributes.debtor_party.account_name&quot; is not present" classname="Scenario: A POST request is sent with incorrect value $.attributes.debtor_party.account_name" time="0"/>
  <testcase name="And the request is sent and fails and the error code is &quot;400&quot;" classname="Scenario: A POST request is sent with incorrect value $.attributes.debtor_party.account_name" time="0"/>
  <testcase name="And the request is sent and fails and the error code is &quot;400&quot;" classname="Scenario: A POST request is sent with incorrect value $.attributes.debtor_party.account_name" time="0"/>
  <testcase name="And the attribute &quot;$.attributes.debtor_party.account_name&quot; is incorrectly set to &quot;&quot;" classname="Scenario: A POST request is sent with incorrect value $.attributes.debtor_party.account_name" time="0"/>
  <testcase name="Scenario: A POST request is sent with incorrect value $.attributes.debtor_party.account_name" classname="Scenario: A POST request is sent with incorrect value $.attributes.debtor_party.account_name" time="0"/>
  <testcase name="When a &quot;POST&quot; request is prepared to be sent to &quot;/api/v1/resource&quot;" classname="Scenario: A POST request is sent with incorrect value $.attributes.debtor_party.account_number" time="0"/>
  <testcase name="And the &quot;Content-Type&quot; attribute of the request header is &quot;application/json&quot;" classname="Scenario: A POST request is sent with incorrect value $.attributes.debtor_party.account_number" time="0"/>
  <testcase name="And the content is :" classname="Scenario: A POST request is sent with incorrect value $.attributes.debtor_party.account_number" time="0"/>
  <testcase name="And the attribute &quot;$.attributes.debtor_party.account_name&quot; is not present" classname="Scenario: A POST request is sent with incorrect value $.attributes.debtor_party.account_number" time="0"/>
  <testcase name="And the request is sent and fails and the error code is &quot;400&quot;" classname="Scenario: A POST request is sent with incorrect value $.attributes.debtor_party.account_number" time="0"/>
  <testcase name="And the request is sent and fails and the error code is &quot;400&quot;" classname="Scenario: A POST request is sent with incorrect value $.attributes.debtor_party.account_number" time="0"/>
  <testcase name="And the attribute &quot;$.attributes.debtor_party.account_name&quot; is incorrectly set to &quot;&quot;" classname="Scenario: A POST request is sent with incorrect value $.attributes.debtor_party.account_number" time="0"/>
  <testcase name="Scenario: A POST request is sent with incorrect value $.attributes.debtor_party.account_number" classname="Scenario: A POST request is sent with incorrect value $.attributes.debtor_party.account_number" time="0"/>
  <testcase name="When a &quot;POST&quot; request is prepared to be sent to &quot;/api/v1/resource&quot;" classname="Scenario: A POST request is sent with incorrect value $.attributes.debtor_party.account_number_code" time="0"/>
  <testcase name="And the &quot;Content-Type&quot; attribute of the request header is &quot;application/json&quot;" classname="Scenario: A POST request is sent with incorrect value $.attributes.debtor_party.account_number_code" time="0"/>
  <testcase name="And the content is :" classname="Scenario: A POST request is sent with incorrect value $.attributes.debtor_party.account_number_code" time="0"/>
  <testcase name="And the attribute &quot;$.attributes.debtor_party.account_number_code&quot; is not present" classname="Scenario: A POST request is sent with incorrect value $.attributes.debtor_party.account_number_code" time="0"/>
  <testcase name="And the request is sent and fails and the error code is &quot;400&quot;" classname="Scenario: A POST request is sent with incorrect value $.attributes.debtor_party.account_number_code" time="0"/>
  <testcase name="And the request is sent and fails and the error code is &quot;400&quot;" classname="Scenario: A POST request is sent with incorrect value $.attributes.debtor_party.account_number_code" time="0"/>
  <testcase name="And the attribute &quot;$.attributes.debtor_party.account_number_code&quot; is incorrectly set to &quot;&quot;" classname="Scenario: A POST request is sent with incorrect value $.attributes.debtor_party.account_number_code" time="0"/>
  <testcase name="Scenario: A POST request is sent with incorrect value $.attributes.debtor_party.account_number_code" classname="Scenario: A POST request is sent with incorrect value $.attributes.debtor_party.account_number_code" time="0"/>
  <testcase name="When a &quot;POST&quot; request is prepared to be sent to &quot;/api/v1/resource&quot;" classname="Scenario: A POST request is sent with incorrect value $.attributes.debtor_party.address" time="0"/>
  <testcase name="And the &quot;Content-Type&quot; attribute of the request header is &quot;application/json&quot;" classname="Scenario: A POST request is sent with incorrect value $.attributes.debtor_party.address" time="0"/>
  <testcase name="And the content is :" classname="Scenario: A POST request is sent with incorrect value $.attributes.debtor_party.address" time="0"/>
  <testcase name="And the attribute &quot;$.attributes.debtor_party.address&quot; is not present" classname="Scenario: A POST request is sent with incorrect value $.attributes.debtor_party.address" time="0"/>
  <testcase name="And the request is sent and fails and the error code is &quot;400&quot;" classname="Scenario: A POST request is sent with incorrect value $.attributes.debtor_party.address" time="0"/>
  <testcase name="And the request is sent and fails and the error code is &quot;400&quot;" classname="Scenario: A POST request is sent with incorrect value $.attributes.debtor_party.address" time="0"/>
  <testcase name="And the attribute &quot;$.attributes.debtor_party.address&quot; is incorrectly set to &quot;&quot;" classname="Scenario: A POST request is sent with incorrect value $.attributes.debtor_party.address" time="0"/>
  <testcase name="Scenario: A POST request is sent with incorrect value $.attributes.debtor_party.address" classname="Scenario: A POST request is sent with incorrect value $.attributes.debtor_party.address" time="0"/>
  <testcase name="When a &quot;POST&quot; request is prepared to be sent to &quot;/api/v1/resource&quot;" classname="Scenario: A POST request is sent with incorrect value $.attributes.debtor_party.name" time="0"/>
  <testcase name="And the &quot;Content-Type&quot; attribute of the request header is &quot;application/json&quot;" classname="Scenario: A POST request is sent with incorrect value $.attributes.debtor_party.name" time="0"/>
  <testcase name="And the content is :" classname="Scenario: A POST request is sent with incorrect value $.attributes.debtor_party.name" time="0"/>
  <testcase name="And the attribute &quot;$.attributes.debtor_party.name&quot; is not present" classname="Scenario: A POST request is sent with incorrect value $.attributes.debtor_party.name" time="0"/>
  <testcase name="And the request is sent and fails and the error code is &quot;400&quot;" classname="Scenario: A POST request is sent with incorrect value $.attributes.debtor_party.name" time="0"/>
  <testcase name="And the request is sent and fails and the error code is &quot;400&quot;" classname="Scenario: A POST request is sent with incorrect value $.attributes.debtor_party.name" time="0"/>
  <testcase name="And the attribute &quot;$.attributes.debtor_party.name&quot; is incorrectly set to &quot;&quot;" classname="Scenario: A POST request is sent with incorrect value $.attributes.debtor_party.name" time="0"/>
  <testcase name="Scenario: A POST request is sent with incorrect value $.attributes.debtor_party.name" classname="Scenario: A POST request is sent with incorrect value $.attributes.debtor_party.name" time="0"/>
  <testcase name="When a &quot;POST&quot; request is prepared to be sent to &quot;/api/v1/resource&quot;" classname="Scenario: A POST request is sent with incorrect value $.attributes.debtor_party.bank_id" time="0"/>
  <testcase name="And the &quot;Content-Type&quot; attribute of the request header is &quot;application/json&quot;" classname="Scenario: A POST request is sent with incorrect value $.attributes.debtor_party.bank_id" time="0"/>
  <testcase name="And the content is :" classname="Scenario: A POST request is sent with incorrect value $.attributes.debtor_party.bank_id" time="0"/>
  <testcase name="And the attribute &quot;$.attributes.debtor_party.bank_id&quot; is not present" classname="Scenario: A POST request is sent with incorrect value $.attributes.debtor_party.bank_id" time="0"/>
  <testcase name="And the request is sent and fails and the error code is &quot;400&quot;" classname="Scenario: A POST request is sent with incorrect value $.attributes.debtor_party.bank_id" time="0"/>
  <testcase name="And the request is sent and fails and the error code is &quot;400&quot;" classname="Scenario: A POST request is sent with incorrect value $.attributes.debtor_party.bank_id" time="0"/>
  <testcase name="And the attribute &quot;$.attributes.debtor_party.bank_id&quot; is incorrectly set to &quot;&quot;" classname="Scenario: A POST request is sent with incorrect value $.attributes.debtor_party.bank_id" time="0"/>
  <testcase name="Scenario: A POST request is sent with incorrect value $.attributes.debtor_party.bank_id" classname="Scenario: A POST request is sent with incorrect value $.attributes.debtor_party.bank_id" time="0"/>
  <testcase name="When a &quot;POST&quot; request is prepared to be sent to &quot;/api/v1/resource&quot;" classname="Scenario: A POST request is sent with incorrect value $.attributes.debtor_party.bank_id_code" time="0"/>
  <testcase name="And the &quot;Content-Type&quot; attribute of the request header is &quot;application/json&quot;" classname="Scenario: A POST request is sent with incorrect value $.attributes.debtor_party.bank_id_code" time="0"/>
  <testcase name="And the content is :" classname="Scenario: A POST request is sent with incorrect value $.attributes.debtor_party.bank_id_code" time="0"/>
  <testcase name="And the attribute &quot;$.attributes.debtor_party.bank_id_code&quot; is not present" classname="Scenario: A POST request is sent with incorrect value $.attributes.debtor_party.bank_id_code" time="0"/>
  <testcase name="And the request is sent and fails and the error code is &quot;400&quot;" classname="Scenario: A POST request is sent with incorrect value $.attributes.debtor_party.bank_id_code" time="0"/>
  <testcase name="And the request is sent and fails and the error code is &quot;400&quot;" classname="Scenario: A POST request is sent with incorrect value $.attributes.debtor_party.bank_id_code" time="0"/>
  <testcase name="And the attribute &quot;$.attributes.debtor_party.bank_id_code&quot; is incorrectly set to &quot;&quot;" classname="Scenario: A POST request is sent with incorrect value $.attributes.debtor_party.bank_id_code" time="0.001"/>
  <testcase name="Scenario: A POST request is sent with incorrect value $.attributes.debtor_party.bank_id_code" classname="Scenario: A POST request is sent with incorrect value $.attributes.debtor_party.bank_id_code" time="0"/>
  <testcase name="When a &quot;POST&quot; request is prepared to be sent to &quot;/api/v1/resource&quot;" classname="Scenario: A POST request is sent with incorrect value $.attributes.sponsor_party.account_name" time="0"/>
  <testcase name="And the &quot;Content-Type&quot; attribute of the request header is &quot;application/json&quot;" classname="Scenario: A POST request is sent with incorrect value $.attributes.sponsor_party.account_name" time="0"/>
  <testcase name="And the content is :" classname="Scenario: A POST request is sent with incorrect value $.attributes.sponsor_party.account_name" time="0"/>
  <testcase name="And the attribute &quot;$.attributes.debtor_party.account_name&quot; is not present" classname="Scenario: A POST request is sent with incorrect value $.attributes.sponsor_party.account_name" time="0"/>
  <testcase name="And the request is sent and fails and the error code is &quot;400&quot;" classname="Scenario: A POST request is sent with incorrect value $.attributes.sponsor_party.account_name" time="0"/>
  <testcase name="And the request is sent and fails and the error code is &quot;400&quot;" classname="Scenario: A POST request is sent with incorrect value $.attributes.sponsor_party.account_name" time="0.001"/>
  <testcase name="And the attribute &quot;$.attributes.debtor_party.account_name&quot; is incorrectly set to &quot;&quot;" classname="Scenario: A POST request is sent with incorrect value $.attributes.sponsor_party.account_name" time="0"/>
  <testcase name="Scenario: A POST request is sent with incorrect value $.attributes.sponsor_party.account_name" classname="Scenario: A POST request is sent with incorrect value $.attributes.sponsor_party.account_name" time="0.001"/>
  <testcase name="When a &quot;POST&quot; request is prepared to be sent to &quot;/api/v1/resource&quot;" classname="Scenario: A POST request is sent with incorrect value $.attributes.sponsor_party.account_number" time="0"/>
  <testcase name="And the &quot;Content-Type&quot; attribute of the request header is &quot;application/json&quot;" classname="Scenario: A POST request is sent with incorrect value $.attributes.sponsor_party.account_number" time="0"/>
  <testcase name="And the content is :" classname="Scenario: A POST request is sent with incorrect value $.attributes.sponsor_party.account_number" time="0"/>
  <testcase name="And the attribute &quot;$.attributes.debtor_party.account_name&quot; is not present" classname="Scenario: A POST request is sent with incorrect value $.attributes.sponsor_party.account_number" time="0"/>
  <testcase name="And the request is sent and fails and the error code is &quot;400&quot;" classname="Scenario: A POST request is sent with incorrect value $.attributes.sponsor_party.account_number" time="0"/>
  <testcase name="And the request is sent and fails and the error code is &quot;400&quot;" classname="Scenario: A POST request is sent with incorrect value $.attributes.sponsor_party.account_number" time="0"/>
  <testcase name="And the attribute &quot;$.attributes.debtor_party.account_name&quot; is incorrectly set to &quot;&quot;" classname="Scenario: A POST request is sent with incorrect value $.attributes.sponsor_party.account_number" time="0"/>
  <testcase name="Scenario: A POST request is sent with incorrect value $.attributes.sponsor_party.account_number" classname="Scenario: A POST request is sent with incorrect value $.attributes.sponsor_party.account_number" time="0"/>
  <testcase name="When a &quot;POST&quot; request is prepared to be sent to &quot;/api/v1/resource&quot;" classname="Scenario: A POST request is sent with incorrect value $.attributes.sponsor_party.bank_id" time="0"/>
  <testcase name="And the &quot;Content-Type&quot; attribute of the request header is &quot;application/json&quot;" classname="Scenario: A POST request is sent with incorrect value $.attributes.sponsor_party.bank_id" time="0"/>
  <testcase name="And the content is :" classname="Scenario: A POST request is sent with incorrect value $.attributes.sponsor_party.bank_id" time="0"/>
  <testcase name="And the attribute &quot;$.attributes.debtor_party.bank_id&quot; is not present" classname="Scenario: A POST request is sent with incorrect value $.attributes.sponsor_party.bank_id" time="0"/>
  <testcase name="And the request is sent and fails and the error code is &quot;400&quot;" classname="Scenario: A POST request is sent with incorrect value $.attributes.sponsor_party.bank_id" time="0"/>
  <testcase name="And the request is sent and fails and the error code is &quot;400&quot;" classname="Scenario: A POST request is sent with incorrect value $.attributes.sponsor_party.bank_id" time="0"/>
  <testcase name="And the attribute &quot;$.attributes.debtor_party.bank_id&quot; is incorrectly set to &quot;&quot;" classname="Scenario: A POST request is sent with incorrect value $.attributes.sponsor_party.bank_id" time="0"/>
  <testcase name="Scenario: A POST request is sent with incorrect value $.attributes.sponsor_party.bank_id" classname="Scenario: A POST request is sent with incorrect value $.attributes.sponsor_party.bank_id" time="0.001"/>
  <testcase name="When a &quot;POST&quot; request is prepared to be sent to &quot;/api/v1/resource&quot;" classname="Scenario: A POST request is sent with incorrect value $.attributes.sponsor_party.bank_id_code" time="0"/>
  <testcase name="And the &quot;Content-Type&quot; attribute of the request header is &quot;application/json&quot;" classname="Scenario: A POST request is sent with incorrect value $.attributes.sponsor_party.bank_id_code" time="0"/>
  <testcase name="And the content is :" classname="Scenario: A POST request is sent with incorrect value $.attributes.sponsor_party.bank_id_code" time="0"/>
  <testcase name="And the attribute &quot;$.attributes.debtor_party.bank_id_code&quot; is not present" classname="Scenario: A POST request is sent with incorrect value $.attributes.sponsor_party.bank_id_code" time="0"/>
  <testcase name="And the request is sent and fails and the error code is &quot;400&quot;" classname="Scenario: A POST request is sent with incorrect value $.attributes.sponsor_party.bank_id_code" time="0"/>
  <testcase name="And the request is sent and fails and the error code is &quot;400&quot;" classname="Scenario: A POST request is sent with incorrect value $.attributes.sponsor_party.bank_id_code" time="0"/>
  <testcase name="And the attribute &quot;$.attributes.debtor_party.bank_id_code&quot; is incorrectly set to &quot;&quot;" classname="Scenario: A POST request is sent with incorrect value $.attributes.sponsor_party.bank_id_code" time="0"/>
  <testcase name="Scenario: A POST request is sent with incorrect value $.attributes.sponsor_party.bank_id_code" classname="Scenario: A POST request is sent with incorrect value $.attributes.sponsor_party.bank_id_code" time="0"/>
  <testcase name="When a &quot;POST&quot; request is prepared to be sent to &quot;/api/v1/resource&quot;" classname="Scenario: A POST request is sent with incorrect value $.attributes.fx.contract_reference" time="0"/>
  <testcase name="And the &quot;Content-Type&quot; attribute of the request header is &quot;application/json&quot;" classname="Scenario: A POST request is sent with incorrect value $.attributes.fx.contract_reference" time="0"/>
  <testcase name="And the content is :" classname="Scenario: A POST request is sent with incorrect value $.attributes.fx.contract_reference" time="0"/>
  <testcase name="And the attribute &quot;$.attributes.fx.contract_reference&quot; is not present" classname="Scenario: A POST request is sent with incorrect value $.attributes.fx.contract_reference" time="0"/>
  <testcase name="And the request is sent and fails and the error code is &quot;400&quot;" classname="Scenario: A POST request is sent with incorrect value $.attributes.fx.contract_reference" time="0"/>
  <testcase name="And the request is sent and fails and the error code is &quot;400&quot;" classname="Scenario: A POST request is sent with incorrect value $.attributes.fx.contract_reference" time="0"/>
  <testcase name="And the attribute &quot;$.attributes.fx.contract_reference&quot; is incorrectly set to &quot;&quot;" classname="Scenario: A POST request is sent with incorrect value $.attributes.fx.contract_reference" time="0"/>
  <testcase name="Scenario: A POST request is sent with incorrect value $.attributes.fx.contract_reference" classname="Scenario: A POST request is sent with incorrect value $.attributes.fx.contract_reference" time="0"/>
  <testcase name="When a &quot;POST&quot; request is prepared to be sent to &quot;/api/v1/resource&quot;" classname="Scenario: A POST request is sent with incorrect value $.attributes.fx.exchange_rate" time="0"/>
  <testcase name="And the &quot;Content-Type&quot; attribute of the request header is &quot;application/json&quot;" classname="Scenario: A POST request is sent with incorrect value $.attributes.fx.exchange_rate" time="0"/>
  <testcase name="And the content is :" classname="Scenario: A POST request is sent with incorrect value $.attributes.fx.exchange_rate" time="0"/>
  <testcase name="And the attribute &quot;$.attributes.fx.exchange_rate&quot; is not present" classname="Scenario: A POST request is sent with incorrect value $.attributes.fx.exchange_rate" time="0"/>
  <testcase name="And the request is sent and fails and the error code is &quot;400&quot;" classname="Scenario: A POST request is sent with incorrect value $.attributes.fx.exchange_rate" time="0"/>
  <testcase name="And the request is sent and fails and the error code is &quot;400&quot;" classname="Scenario: A POST request is sent with incorrect value $.attributes.fx.exchange_rate" time="0"/>
  <testcase name="And the attribute &quot;$.attributes.fx.exchange_rate&quot; is incorrectly set to &quot;&quot;" classname="Scenario: A POST request is sent with incorrect value $.attributes.fx.exchange_rate" time="0"/>
  <testcase name="Scenario: A POST request is sent with incorrect value $.attributes.fx.exchange_rate" classname="Scenario: A POST request is sent with incorrect value $.attributes.fx.exchange_rate" time="0"/>
  <testcase name="When a &quot;POST&quot; request is prepared to be sent to &quot;/api/v1/resource&quot;" classname="Scenario: A POST request is sent with incorrect value $.attributes.fx.original_amount" time="0"/>
  <testcase name="And the &quot;Content-Type&quot; attribute of the request header is &quot;application/json&quot;" classname="Scenario: A POST request is sent with incorrect value $.attributes.fx.original_amount" time="0"/>
  <testcase name="And the content is :" classname="Scenario: A POST request is sent with incorrect value $.attributes.fx.original_amount" time="0"/>
  <testcase name="And the attribute &quot;$.attributes.fx.original_amount&quot; is not present" classname="Scenario: A POST request is sent with incorrect value $.attributes.fx.original_amount" time="0"/>
  <testcase name="And the request is sent and fails and the error code is &quot;400&quot;" classname="Scenario: A POST request is sent with incorrect value $.attributes.fx.original_amount" time="0"/>
  <testcase name="And the request is sent and fails and the error code is &quot;400&quot;" classname="Scenario: A POST request is sent with incorrect value $.attributes.fx.original_amount" time="0"/>
  <testcase name="And the attribute &quot;$.attributes.fx.original_amount&quot; is incorrectly set to &quot;&quot;" classname="Scenario: A POST request is sent with incorrect value $.attributes.fx.original_amount" time="0"/>
  <testcase name="Scenario: A POST request is sent with incorrect value $.attributes.fx.original_amount" classname="Scenario: A POST request is sent with incorrect value $.attributes.fx.original_amount" time="0"/>
  <testcase name="When a &quot;POST&quot; request is prepared to be sent to &quot;/api/v1/resource&quot;" classname="Scenario: A POST request is sent with incorrect value $.attributes.charges_information.bearer_code" time="0"/>
  <testcase name="And the &quot;Content-Type&quot; attribute of the request header is &quot;application/json&quot;" classname="Scenario: A POST request is sent with incorrect value $.attributes.charges_information.bearer_code" time="0"/>
  <testcase name="And the content is :" classname="Scenario: A POST request is sent with incorrect value $.attributes.charges_information.bearer_code" time="0"/>
  <testcase name="And the attribute &quot;$.attributes.charges_information.bearer_code&quot; is not present" classname="Scenario: A POST request is sent with incorrect value $.attributes.charges_information.bearer_code" time="0"/>
  <testcase name="And the request is sent and fails and the error code is &quot;400&quot;" classname="Scenario: A POST request is sent with incorrect value $.attributes.charges_information.bearer_code" time="0"/>
  <testcase name="And the request is sent and fails and the error code is &quot;400&quot;" classname="Scenario: A POST request is sent with incorrect value $.attributes.charges_information.bearer_code" time="0"/>
  <testcase name="And the request is sent and fails and the error code is &quot;400&quot;" classname="Scenario: A POST request is sent with incorrect value $.attributes.charges_information.bearer_code" time="0"/>
  <testcase name="And the attribute &quot;$.attributes.charges_information.bearer_code&quot; is incorrectly set to &quot;&quot;" classname="Scenario: A POST request is sent with incorrect value $.attributes.charges_information.bearer_code" time="0"/>
  <testcase name="And the attribute &quot;$.attributes.charges_information.bearer_code&quot; is incorrectly set to &quot;XYZ&quot;" classname="Scenario: A POST request is sent with incorrect value $.attributes.charges_information.bearer_code" time="0"/>
  <testcase name="Scenario: A POST request is sent with incorrect value $.attributes.charges_information.bearer_code" classname="Scenario: A POST request is sent with incorrect value $.attributes.charges_information.bearer_code" time="0"/>
  <testcase name="When a &quot;POST&quot; request is prepared to be sent to &quot;/api/v1/resource&quot;" classname="Scenario: A POST request is sent with incorrect value $.attributes.charges_information.receiver_charges_amount" time="0"/>
  <testcase name="And the &quot;Content-Type&quot; attribute of the request header is &quot;application/json&quot;" classname="Scenario: A POST request is sent with incorrect value $.attributes.charges_information.receiver_charges_amount" time="0"/>
  <testcase name="And the content is :" classname="Scenario: A POST request is sent with incorrect value $.attributes.charges_information.receiver_charges_amount" time="0"/>
  <testcase name="And the attribute &quot;$.attributes.charges_information.receiver_charges_amount&quot; is not present" classname="Scenario: A POST request is sent with incorrect value $.attributes.charges_information.receiver_charges_amount" time="0"/>
  <testcase name="And the request is sent and fails and the error code is &quot;400&quot;" classname="Scenario: A POST request is sent with incorrect value $.attributes.charges_information.receiver_charges_amount" time="0"/>
  <testcase name="And the request is sent and fails and the error code is &quot;400&quot;" classname="Scenario: A POST request is sent with incorrect value $.attributes.charges_information.receiver_charges_amount" time="0"/>
  <testcase name="And the attribute &quot;$.attributes.charges_information.receiver_charges_amount&quot; is incorrectly set to &quot;&quot;" classname="Scenario: A POST request is sent with incorrect value $.attributes.charges_information.receiver_charges_amount" time="0"/>
  <testcase name="Scenario: A POST request is sent with incorrect value $.attributes.charges_information.receiver_charges_amount" classname="Scenario: A POST request is sent with incorrect value $.attributes.charges_information.receiver_charges_amount" time="0"/>
  <testcase name="When a &quot;POST&quot; request is prepared to be sent to &quot;/api/v1/resource&quot;" classname="Scenario: A POST request is sent with incorrect value $.attributes.charges_information.receiver_charges_currency" time="0"/>
  <testcase name="And the &quot;Content-Type&quot; attribute of the request header is &quot;application/json&quot;" classname="Scenario: A POST request is sent with incorrect value $.attributes.charges_information.receiver_charges_currency" time="0"/>
  <testcase name="And the content is :" classname="Scenario: A POST request is sent with incorrect value $.attributes.charges_information.receiver_charges_currency" time="0"/>
  <testcase name="And the attribute &quot;$.attributes.charges_information.receiver_charges_currency&quot; is not present" classname="Scenario: A POST request is sent with incorrect value $.attributes.charges_information.receiver_charges_currency" time="0"/>
  <testcase name="And the request is sent and fails and the error code is &quot;400&quot;" classname="Scenario: A POST request is sent with incorrect value $.attributes.charges_information.receiver_charges_currency" time="0"/>
  <testcase name="And the request is sent and fails and the error code is &quot;400&quot;" classname="Scenario: A POST request is sent with incorrect value $.attributes.charges_information.receiver_charges_currency" time="0"/>
  <testcase name="And the attribute &quot;$.attributes.charges_information.receiver_charges_currency&quot; is incorrectly set to &quot;&quot;" classname="Scenario: A POST request is sent with incorrect value $.attributes.charges_information.receiver_charges_currency" time="0"/>
  <testcase name="Scenario: A POST request is sent with incorrect value $.attributes.charges_information.receiver_charges_currency" classname="Scenario: A POST request is sent with incorrect value $.attributes.charges_information.receiver_charges_currency" time="0"/>
</testsuite>