<?xml version="1.0" encoding="UTF-8"?>
<testsuite xmlns:xsi="http://www.w3.org/2001/XMLSchema-instance" xsi:noNamespaceSchemaLocation="https://maven.apache.org/surefire/maven-surefire-plugin/xsd/surefire-test-report.xsd" name="com.form3.unit.AllRestTests" time="0.123" tests="4" errors="0" skipped="0" failures="0">
  <properties>
[...]
</properties>
  <testcase name="testGet" classname="com.form3.unit.TestRest" time="0.022"/>
  <testcase name="testPut" classname="com.form3.unit.TestRest" time="0.041"/>
  <testcase name="testPost" classname="com.form3.unit.TestRest" time="0.028"/>
  <testcase name="testGetById" classname="com.form3.unit.TestRest" time="0.029"/>
</testsuite>